0 info it worked if it ends with ok
1 verbose cli [ 'node', '/usr/local/bin/npm', 'install', 'gulp@0.4' ]
2 info using npm@1.3.21
3 info using node@v0.10.24
4 verbose readDependencies using package.json deps
5 verbose cache add [ 'gulp@0.4', null ]
6 verbose cache add name=undefined spec="gulp@0.4" args=["gulp@0.4",null]
7 verbose parsed url { protocol: null,
7 verbose parsed url   slashes: null,
7 verbose parsed url   auth: null,
7 verbose parsed url   host: null,
7 verbose parsed url   port: null,
7 verbose parsed url   hostname: null,
7 verbose parsed url   hash: null,
7 verbose parsed url   search: null,
7 verbose parsed url   query: null,
7 verbose parsed url   pathname: 'gulp@0.4',
7 verbose parsed url   path: 'gulp@0.4',
7 verbose parsed url   href: 'gulp@0.4' }
8 verbose cache add name="gulp" spec="0.4" args=["gulp","0.4"]
9 verbose parsed url { protocol: null,
9 verbose parsed url   slashes: null,
9 verbose parsed url   auth: null,
9 verbose parsed url   host: null,
9 verbose parsed url   port: null,
9 verbose parsed url   hostname: null,
9 verbose parsed url   hash: null,
9 verbose parsed url   search: null,
9 verbose parsed url   query: null,
9 verbose parsed url   pathname: '0.4',
9 verbose parsed url   path: '0.4',
9 verbose parsed url   href: '0.4' }
10 verbose addNamed [ 'gulp', '0.4' ]
11 verbose addNamed [ null, '>=0.4.0-0 <0.5.0-0' ]
12 silly lockFile 06d50da1-gulp-0-4 gulp@0.4
13 verbose lock gulp@0.4 /Users/peter/.npm/06d50da1-gulp-0-4.lock
14 silly addNameRange { name: 'gulp', range: '>=0.4.0-0 <0.5.0-0', hasData: false }
15 verbose url raw gulp
16 verbose url resolving [ 'https://registry.npmjs.org/', './gulp' ]
17 verbose url resolved https://registry.npmjs.org/gulp
18 info trying registry request attempt 1 at 19:38:24
19 verbose etag "42852SHBHRXGXG8XQ62U0FN3N"
20 http GET https://registry.npmjs.org/gulp
21 http 304 https://registry.npmjs.org/gulp
22 silly registry.get cb [ 304,
22 silly registry.get   { date: 'Sun, 29 Mar 2015 18:38:25 GMT',
22 silly registry.get     server: 'Apache',
22 silly registry.get     via: '1.1 varnish',
22 silly registry.get     'last-modified': 'Sun, 29 Mar 2015 18:38:25 GMT',
22 silly registry.get     'cache-control': 'max-age=60',
22 silly registry.get     etag: '"42852SHBHRXGXG8XQ62U0FN3N"',
22 silly registry.get     age: '6',
22 silly registry.get     'x-served-by': 'cache-dfw1830-DFW',
22 silly registry.get     'x-cache': 'HIT',
22 silly registry.get     'x-cache-hits': '1',
22 silly registry.get     'x-timer': 'S1427654305.682974,VS0,VE1',
22 silly registry.get     vary: 'Accept',
22 silly registry.get     'content-length': '0',
22 silly registry.get     'keep-alive': 'timeout=10, max=50',
22 silly registry.get     connection: 'Keep-Alive' } ]
23 verbose etag gulp from cache
24 silly addNameRange number 2 { name: 'gulp', range: '>=0.4.0-0 <0.5.0-0', hasData: true }
25 silly addNameRange versions [ 'gulp',
25 silly addNameRange   [ '0.0.1',
25 silly addNameRange     '0.0.2',
25 silly addNameRange     '0.0.3',
25 silly addNameRange     '0.0.4',
25 silly addNameRange     '0.0.5',
25 silly addNameRange     '0.0.7',
25 silly addNameRange     '0.0.8',
25 silly addNameRange     '0.0.9',
25 silly addNameRange     '0.1.0',
25 silly addNameRange     '0.2.0',
25 silly addNameRange     '1.0.0',
25 silly addNameRange     '1.1.0',
25 silly addNameRange     '1.2.0',
25 silly addNameRange     '1.2.1',
25 silly addNameRange     '2.0.0',
25 silly addNameRange     '2.0.1',
25 silly addNameRange     '2.1.0',
25 silly addNameRange     '2.2.0',
25 silly addNameRange     '2.3.0',
25 silly addNameRange     '2.4.0',
25 silly addNameRange     '2.4.1',
25 silly addNameRange     '2.6.0',
25 silly addNameRange     '2.6.1',
25 silly addNameRange     '2.7.0',
25 silly addNameRange     '3.0.0',
25 silly addNameRange     '3.1.1',
25 silly addNameRange     '3.1.2',
25 silly addNameRange     '3.1.3',
25 silly addNameRange     '3.1.4',
25 silly addNameRange     '3.2.0',
25 silly addNameRange     '3.2.1',
25 silly addNameRange     '3.2.2',
25 silly addNameRange     '3.2.3',
25 silly addNameRange     '3.2.4',
25 silly addNameRange     '3.2.5',
25 silly addNameRange     '3.3.0',
25 silly addNameRange     '3.3.1',
25 silly addNameRange     '3.3.2',
25 silly addNameRange     '3.3.4',
25 silly addNameRange     '3.4.0',
25 silly addNameRange     '3.5.0',
25 silly addNameRange     '3.5.1',
25 silly addNameRange     '3.5.2',
25 silly addNameRange     '3.5.5',
25 silly addNameRange     '3.5.6',
25 silly addNameRange     '3.6.0',
25 silly addNameRange     '3.6.1',
25 silly addNameRange     '3.6.2',
25 silly addNameRange     '3.7.0',
25 silly addNameRange     '3.8.0',
25 silly addNameRange     '3.8.1',
25 silly addNameRange     '3.8.2',
25 silly addNameRange     '3.8.3',
25 silly addNameRange     '3.8.4',
25 silly addNameRange     '3.8.5',
25 silly addNameRange     '3.8.6',
25 silly addNameRange     '3.8.7',
25 silly addNameRange     '3.8.8',
25 silly addNameRange     '3.8.9',
25 silly addNameRange     '3.8.10',
25 silly addNameRange     '3.8.11' ] ]
26 silly lockFile 06d50da1-gulp-0-4 gulp@0.4
27 silly lockFile 06d50da1-gulp-0-4 gulp@0.4
28 error notarget No compatible version found: gulp@'>=0.4.0-0 <0.5.0-0'
28 error notarget Valid install targets:
28 error notarget ["0.0.1","0.0.2","0.0.3","0.0.4","0.0.5","0.0.7","0.0.8","0.0.9","0.1.0","0.2.0","1.0.0","1.1.0","1.2.0","1.2.1","2.0.0","2.0.1","2.1.0","2.2.0","2.3.0","2.4.0","2.4.1","2.6.0","2.6.1","2.7.0","3.0.0","3.1.1","3.1.2","3.1.3","3.1.4","3.2.0","3.2.1","3.2.2","3.2.3","3.2.4","3.2.5","3.3.0","3.3.1","3.3.2","3.3.4","3.4.0","3.5.0","3.5.1","3.5.2","3.5.5","3.5.6","3.6.0","3.6.1","3.6.2","3.7.0","3.8.0","3.8.1","3.8.2","3.8.3","3.8.4","3.8.5","3.8.6","3.8.7","3.8.8","3.8.9","3.8.10","3.8.11"]
28 error notarget
28 error notarget This is most likely not a problem with npm itself.
28 error notarget In most cases you or one of your dependencies are requesting
28 error notarget a package version that doesn't exist.
29 error System Darwin 13.4.0
30 error command "node" "/usr/local/bin/npm" "install" "gulp@0.4"
31 error cwd /Users/peter/dev/src/misc/misc/es6-react-babel-browserify-gulp-starter-template
32 error node -v v0.10.24
33 error npm -v 1.3.21
34 error code ETARGET
35 verbose exit [ 1, true ]
